<?xml version="1.0" encoding="UTF-8"?>
<!-- Generated by org.testng.reporters.JUnitReportReporter -->
<testsuite hostname="DESKTOP-1VFU3BC" failures="0" tests="4" name="Tests.LoginTest" time="169.300" errors="0" timestamp="2023-09-29T00:06:15 IST" skipped="0">
  <testcase classname="Tests.LoginTest" name="checkout" time="33.826"/>
  <testcase classname="Tests.LoginTest" name="addToCart" time="42.604"/>
  <testcase classname="Tests.LoginTest" name="login" time="40.014"/>
  <testcase classname="Tests.LoginTest" name="YourInfo" time="52.856"/>
</testsuite> <!-- Tests.LoginTest -->
